Vivado Simulator 2018.1
Copyright 1986-1999, 2001-2017 Xilinx, Inc. All Rights Reserved.
Running: C:/Xilinx/Vivado/2018.1/bin/unwrapped/win64.o/xelab.exe -wto 050276f61a9a4b3792a45de5cd8315a8 --incr --debug typical --relax --mt 2 -L xil_defaultlib -L secureip --snapshot NanoProcessorSimulation_behav xil_defaultlib.NanoProcessorSimulation -log elaborate.log 
Using 2 slave threads.
Starting static elaboration
Completed static elaboration
Starting simulation data flow analysis
Completed simulation data flow analysis
Time Resolution for simulation is 1ps
Compiling package std.standard
Compiling package std.textio
Compiling package ieee.std_logic_1164
Compiling package ieee.numeric_std
Compiling architecture behavioral of entity xil_defaultlib.InstructionDecoder [instructiondecoder_default]
Compiling architecture behavioral of entity xil_defaultlib.ProgramROM [programrom_default]
Compiling architecture behavioral of entity xil_defaultlib.Decoder_2_to_4 [decoder_2_to_4_default]
Compiling architecture behavioral of entity xil_defaultlib.Decoder_3_to_8 [decoder_3_to_8_default]
Compiling architecture behavioral of entity xil_defaultlib.Reg [reg_default]
Compiling architecture behavioral of entity xil_defaultlib.RegisterBank [registerbank_default]
Compiling architecture behavioral of entity xil_defaultlib.HA [ha_default]
Compiling architecture behavioral of entity xil_defaultlib.FA [fa_default]
Compiling architecture behavioral of entity xil_defaultlib.AddSubUnit [addsubunit_default]
Compiling architecture behavioral of entity xil_defaultlib.Mux_8_to_1 [mux_8_to_1_default]
Compiling architecture behavioral of entity xil_defaultlib.Mux8Way4Bit [mux8way4bit_default]
Compiling architecture behavioral of entity xil_defaultlib.Adder3Bit [adder3bit_default]
Compiling architecture behavioral of entity xil_defaultlib.Mux2Way3Bit [mux2way3bit_default]
Compiling architecture behavioral of entity xil_defaultlib.Mux2Way4Bit [mux2way4bit_default]
Compiling architecture behavioral of entity xil_defaultlib.ProgramCounter [programcounter_default]
Compiling architecture behavioral of entity xil_defaultlib.Slow_Clk [slow_clk_default]
Compiling architecture behavioral of entity xil_defaultlib.LUT_16_7 [lut_16_7_default]
Compiling architecture behavioral of entity xil_defaultlib.NanoProcessor [nanoprocessor_default]
Compiling architecture behavioral of entity xil_defaultlib.nanoprocessorsimulation
Built simulation snapshot NanoProcessorSimulation_behav
