Vivado Simulator 2018.1
Copyright 1986-1999, 2001-2017 Xilinx, Inc. All Rights Reserved.
Running: C:/Xilinx/Vivado/2018.1/bin/unwrapped/win64.o/xelab.exe -wto 366466fb5df0426ba7556b8369ba7115 --incr --debug typical --relax --mt 2 --maxdelay -L xil_defaultlib -L simprims_ver -L secureip --snapshot NanoProcessorSimulation_time_impl -transport_int_delays -pulse_r 0 -pulse_int_r 0 -pulse_e 0 -pulse_int_e 0 xil_defaultlib.NanoProcessorSimulation xil_defaultlib.glbl -log elaborate.log 
Using 2 slave threads.
Starting static elaboration
Completed static elaboration
Starting simulation data flow analysis
Completed simulation data flow analysis
INFO: [XSIM 43-3451] SDF backannotation process started with SDF file "NanoProcessorSimulation_time_impl.sdf", for root module "NanoProcessorSimulation/UUT".
INFO: [XSIM 43-3452] SDF backannotation was successful for SDF file "NanoProcessorSimulation_time_impl.sdf", for root module "NanoProcessorSimulation/UUT".
Time Resolution for simulation is 1ps
Compiling package std.standard
Compiling package std.textio
Compiling package ieee.std_logic_1164
Compiling package vl.vl_types
Compiling module xil_defaultlib.glbl
Compiling module simprims_ver.OBUF
Compiling module simprims_ver.FDSE_default
Compiling module simprims_ver.FDRE_default
Compiling module simprims_ver.BUFG
Compiling module simprims_ver.IBUF
Compiling module simprims_ver.latchsre_ldce
Compiling module simprims_ver.LDCE
Compiling module simprims_ver.latchsre_ldpe
Compiling module simprims_ver.LDPE
Compiling module simprims_ver.LUT5
Compiling module simprims_ver.x_lut3_mux8
Compiling module simprims_ver.LUT3
Compiling module simprims_ver.LUT4
Compiling module simprims_ver.LUT6
Compiling module xil_defaultlib.InstructionDecoder
Compiling module simprims_ver.x_lut2_mux4
Compiling module simprims_ver.LUT2
Compiling module xil_defaultlib.ProgramCounter
Compiling module xil_defaultlib.Reg
Compiling module xil_defaultlib.Reg_0
Compiling module xil_defaultlib.RegisterBank
Compiling module simprims_ver.CARRY4
Compiling module simprims_ver.x_lut1_mux2
Compiling module simprims_ver.LUT1
Compiling module simprims_ver.FDRE(INIT=1'b1)
Compiling module xil_defaultlib.Slow_Clk
Compiling module xil_defaultlib.NanoProcessor
Compiling architecture behavioral of entity xil_defaultlib.nanoprocessorsimulation
Built simulation snapshot NanoProcessorSimulation_time_impl
