Vivado Simulator 2018.1
Time resolution is 1 ps
WARNING: "C:\Xilinx\Vivado\2018.1\data/verilog/src/unisims/LDCE.v" Line 155: Timing violation in scope /NanoProcessorSimulation/UUT/InstructionDecoder0/AddSubSelect_reg/TChk155_680 at time 173468 ps $recrem (posedge CLR,posedge G,(0:0:0),(0:0:0),notifier,tl_enable_p,tl_enable_p,CLR_dly,G_dly) 
WARNING: "C:\Xilinx\Vivado\2018.1\data/verilog/src/unisims/LDCE.v" Line 170: Timing violation in scope /NanoProcessorSimulation/UUT/InstructionDecoder0/AddSubSelect_reg/TChk170_695 at time 173664 ps $width (posedge CLR,(0:0:0),0,notifier) 
WARNING: "C:\Xilinx\Vivado\2018.1\data/verilog/src/unisims/LDCE.v" Line 171: Timing violation in scope /NanoProcessorSimulation/UUT/InstructionDecoder0/ImmediateValue_reg[0]/TChk171_696 at time 333298 ps $width (posedge G,(0:0:0),0,notifier) 
WARNING: "C:\Xilinx\Vivado\2018.1\data/verilog/src/unisims/LDCE.v" Line 171: Timing violation in scope /NanoProcessorSimulation/UUT/InstructionDecoder0/ImmediateValue_reg[1]/TChk171_696 at time 333298 ps $width (posedge G,(0:0:0),0,notifier) 
WARNING: "C:\Xilinx\Vivado\2018.1\data/verilog/src/unisims/LDCE.v" Line 171: Timing violation in scope /NanoProcessorSimulation/UUT/InstructionDecoder0/ImmediateValue_reg[2]/TChk171_696 at time 333298 ps $width (posedge G,(0:0:0),0,notifier) 
WARNING: "C:\Xilinx\Vivado\2018.1\data/verilog/src/unisims/LDCE.v" Line 171: Timing violation in scope /NanoProcessorSimulation/UUT/InstructionDecoder0/ImmediateValue_reg[3]/TChk171_696 at time 333298 ps $width (posedge G,(0:0:0),0,notifier) 
WARNING: "C:\Xilinx\Vivado\2018.1\data/verilog/src/unisims/LDPE.v" Line 166: Timing violation in scope /NanoProcessorSimulation/UUT/InstructionDecoder0/LoadSelect_reg/TChk166_1125 at time 333438 ps $width (posedge G,(0:0:0),0,notifier) 
WARNING: "C:\Xilinx\Vivado\2018.1\data/verilog/src/unisims/LDCE.v" Line 169: Timing violation in scope /NanoProcessorSimulation/UUT/InstructionDecoder0/RegASelect_reg[0]/TChk169_694 at time 333493 ps $width (negedge G,(0:0:0),0,notifier) 
WARNING: "C:\Xilinx\Vivado\2018.1\data/verilog/src/unisims/LDCE.v" Line 169: Timing violation in scope /NanoProcessorSimulation/UUT/InstructionDecoder0/RegASelect_reg[1]/TChk169_694 at time 333493 ps $width (negedge G,(0:0:0),0,notifier) 
WARNING: "C:\Xilinx\Vivado\2018.1\data/verilog/src/unisims/LDCE.v" Line 171: Timing violation in scope /NanoProcessorSimulation/UUT/InstructionDecoder0/ImmediateValue_reg[0]/TChk171_696 at time 453298 ps $width (posedge G,(0:0:0),0,notifier) 
WARNING: "C:\Xilinx\Vivado\2018.1\data/verilog/src/unisims/LDCE.v" Line 171: Timing violation in scope /NanoProcessorSimulation/UUT/InstructionDecoder0/ImmediateValue_reg[1]/TChk171_696 at time 453298 ps $width (posedge G,(0:0:0),0,notifier) 
WARNING: "C:\Xilinx\Vivado\2018.1\data/verilog/src/unisims/LDCE.v" Line 171: Timing violation in scope /NanoProcessorSimulation/UUT/InstructionDecoder0/ImmediateValue_reg[2]/TChk171_696 at time 453298 ps $width (posedge G,(0:0:0),0,notifier) 
WARNING: "C:\Xilinx\Vivado\2018.1\data/verilog/src/unisims/LDCE.v" Line 171: Timing violation in scope /NanoProcessorSimulation/UUT/InstructionDecoder0/ImmediateValue_reg[3]/TChk171_696 at time 453298 ps $width (posedge G,(0:0:0),0,notifier) 
WARNING: "C:\Xilinx\Vivado\2018.1\data/verilog/src/unisims/LDPE.v" Line 166: Timing violation in scope /NanoProcessorSimulation/UUT/InstructionDecoder0/LoadSelect_reg/TChk166_1125 at time 453438 ps $width (posedge G,(0:0:0),0,notifier) 
WARNING: "C:\Xilinx\Vivado\2018.1\data/verilog/src/unisims/LDCE.v" Line 169: Timing violation in scope /NanoProcessorSimulation/UUT/InstructionDecoder0/RegASelect_reg[0]/TChk169_694 at time 453493 ps $width (negedge G,(0:0:0),0,notifier) 
WARNING: "C:\Xilinx\Vivado\2018.1\data/verilog/src/unisims/LDCE.v" Line 169: Timing violation in scope /NanoProcessorSimulation/UUT/InstructionDecoder0/RegASelect_reg[1]/TChk169_694 at time 453493 ps $width (negedge G,(0:0:0),0,notifier) 
WARNING: "C:\Xilinx\Vivado\2018.1\data/verilog/src/unisims/LDCE.v" Line 171: Timing violation in scope /NanoProcessorSimulation/UUT/InstructionDecoder0/ImmediateValue_reg[0]/TChk171_696 at time 573298 ps $width (posedge G,(0:0:0),0,notifier) 
WARNING: "C:\Xilinx\Vivado\2018.1\data/verilog/src/unisims/LDCE.v" Line 171: Timing violation in scope /NanoProcessorSimulation/UUT/InstructionDecoder0/ImmediateValue_reg[1]/TChk171_696 at time 573298 ps $width (posedge G,(0:0:0),0,notifier) 
WARNING: "C:\Xilinx\Vivado\2018.1\data/verilog/src/unisims/LDCE.v" Line 171: Timing violation in scope /NanoProcessorSimulation/UUT/InstructionDecoder0/ImmediateValue_reg[2]/TChk171_696 at time 573298 ps $width (posedge G,(0:0:0),0,notifier) 
WARNING: "C:\Xilinx\Vivado\2018.1\data/verilog/src/unisims/LDCE.v" Line 171: Timing violation in scope /NanoProcessorSimulation/UUT/InstructionDecoder0/ImmediateValue_reg[3]/TChk171_696 at time 573298 ps $width (posedge G,(0:0:0),0,notifier) 
WARNING: "C:\Xilinx\Vivado\2018.1\data/verilog/src/unisims/LDPE.v" Line 166: Timing violation in scope /NanoProcessorSimulation/UUT/InstructionDecoder0/LoadSelect_reg/TChk166_1125 at time 573438 ps $width (posedge G,(0:0:0),0,notifier) 
WARNING: "C:\Xilinx\Vivado\2018.1\data/verilog/src/unisims/LDCE.v" Line 169: Timing violation in scope /NanoProcessorSimulation/UUT/InstructionDecoder0/RegASelect_reg[0]/TChk169_694 at time 573493 ps $width (negedge G,(0:0:0),0,notifier) 
WARNING: "C:\Xilinx\Vivado\2018.1\data/verilog/src/unisims/LDCE.v" Line 169: Timing violation in scope /NanoProcessorSimulation/UUT/InstructionDecoder0/RegASelect_reg[1]/TChk169_694 at time 573493 ps $width (negedge G,(0:0:0),0,notifier) 
WARNING: "C:\Xilinx\Vivado\2018.1\data/verilog/src/unisims/LDCE.v" Line 171: Timing violation in scope /NanoProcessorSimulation/UUT/InstructionDecoder0/ImmediateValue_reg[0]/TChk171_696 at time 693298 ps $width (posedge G,(0:0:0),0,notifier) 
WARNING: "C:\Xilinx\Vivado\2018.1\data/verilog/src/unisims/LDCE.v" Line 171: Timing violation in scope /NanoProcessorSimulation/UUT/InstructionDecoder0/ImmediateValue_reg[1]/TChk171_696 at time 693298 ps $width (posedge G,(0:0:0),0,notifier) 
WARNING: "C:\Xilinx\Vivado\2018.1\data/verilog/src/unisims/LDCE.v" Line 171: Timing violation in scope /NanoProcessorSimulation/UUT/InstructionDecoder0/ImmediateValue_reg[2]/TChk171_696 at time 693298 ps $width (posedge G,(0:0:0),0,notifier) 
WARNING: "C:\Xilinx\Vivado\2018.1\data/verilog/src/unisims/LDCE.v" Line 171: Timing violation in scope /NanoProcessorSimulation/UUT/InstructionDecoder0/ImmediateValue_reg[3]/TChk171_696 at time 693298 ps $width (posedge G,(0:0:0),0,notifier) 
WARNING: "C:\Xilinx\Vivado\2018.1\data/verilog/src/unisims/LDPE.v" Line 166: Timing violation in scope /NanoProcessorSimulation/UUT/InstructionDecoder0/LoadSelect_reg/TChk166_1125 at time 693438 ps $width (posedge G,(0:0:0),0,notifier) 
WARNING: "C:\Xilinx\Vivado\2018.1\data/verilog/src/unisims/LDCE.v" Line 169: Timing violation in scope /NanoProcessorSimulation/UUT/InstructionDecoder0/RegASelect_reg[0]/TChk169_694 at time 693493 ps $width (negedge G,(0:0:0),0,notifier) 
WARNING: "C:\Xilinx\Vivado\2018.1\data/verilog/src/unisims/LDCE.v" Line 169: Timing violation in scope /NanoProcessorSimulation/UUT/InstructionDecoder0/RegASelect_reg[1]/TChk169_694 at time 693493 ps $width (negedge G,(0:0:0),0,notifier) 
WARNING: "C:\Xilinx\Vivado\2018.1\data/verilog/src/unisims/LDCE.v" Line 166: Timing violation in scope /NanoProcessorSimulation/UUT/InstructionDecoder0/ImmediateValue_reg[1]/TChk166_691 at time 772979 ps $setuphold (posedge G,posedge D,(0:0:0),(0:0:0),notifier,in_clk_enable_p,in_clk_enable_p,G_dly,D_dly) 
WARNING: "C:\Xilinx\Vivado\2018.1\data/verilog/src/unisims/LDCE.v" Line 155: Timing violation in scope /NanoProcessorSimulation/UUT/InstructionDecoder0/AddSubSelect_reg/TChk155_680 at time 853468 ps $recrem (posedge CLR,posedge G,(0:0:0),(0:0:0),notifier,tl_enable_p,tl_enable_p,CLR_dly,G_dly) 
WARNING: "C:\Xilinx\Vivado\2018.1\data/verilog/src/unisims/LDCE.v" Line 170: Timing violation in scope /NanoProcessorSimulation/UUT/InstructionDecoder0/AddSubSelect_reg/TChk170_695 at time 853664 ps $width (posedge CLR,(0:0:0),0,notifier) 
WARNING: "C:\Xilinx\Vivado\2018.1\data/verilog/src/unisims/LDCE.v" Line 163: Timing violation in scope /NanoProcessorSimulation/UUT/InstructionDecoder0/ImmediateValue_reg[2]/TChk163_688 at time 933472 ps $setuphold (posedge G,negedge D,(0:0:0),(0:0:0),notifier,in_clk_enable_p,in_clk_enable_p,G_dly,D_dly) 
